c:\users\ντένις\documents\pseudo\platforms\windows\x64\release\vc140.pdb
c:\users\ντένις\documents\pseudo\platforms\windows\x64\release\pseudo.exe
c:\users\ντένις\documents\pseudo\platforms\windows\x64\release\pseudo.pdb
c:\users\ντένις\documents\pseudo\platforms\windows\x64\release\bus.obj
c:\users\ντένις\documents\pseudo\platforms\windows\x64\release\cache.obj
c:\users\ντένις\documents\pseudo\platforms\windows\x64\release\cd.obj
c:\users\ντένις\documents\pseudo\platforms\windows\x64\release\counters.obj
c:\users\ντένις\documents\pseudo\platforms\windows\x64\release\draw.obj
c:\users\ντένις\documents\pseudo\platforms\windows\x64\release\graphics.obj
c:\users\ντένις\documents\pseudo\platforms\windows\x64\release\gte.obj
c:\users\ντένις\documents\pseudo\platforms\windows\x64\release\hardware.obj
c:\users\ντένις\documents\pseudo\platforms\windows\x64\release\mem.obj
c:\users\ντένις\documents\pseudo\platforms\windows\x64\release\pseudo.obj
c:\users\ντένις\documents\pseudo\platforms\windows\x64\release\r3000a.obj
c:\users\ντένις\documents\pseudo\platforms\windows\x64\release\sio.obj
c:\users\ντένις\documents\pseudo\platforms\windows\x64\release\sound.obj
c:\users\ντένις\documents\pseudo\platforms\windows\x64\release\window.obj
c:\users\ντένις\documents\pseudo\platforms\windows\x64\release\pseudo.tlog\cl.1080.write.1.tlog
c:\users\ντένις\documents\pseudo\platforms\windows\x64\release\pseudo.tlog\cl.command.1.tlog
c:\users\ντένις\documents\pseudo\platforms\windows\x64\release\pseudo.tlog\cl.read.1.tlog
c:\users\ντένις\documents\pseudo\platforms\windows\x64\release\pseudo.tlog\link.command.1.tlog
c:\users\ντένις\documents\pseudo\platforms\windows\x64\release\pseudo.tlog\link.read.1.tlog
c:\users\ντένις\documents\pseudo\platforms\windows\x64\release\pseudo.tlog\link.write.1.tlog
