clang-cl.exe : warning : argument unused during compilation: '/Gm-' [-Wunused-command-line-argument]
..\..\Source\Cache.cc(11,16): warning : suggest braces around initialization of subobject [-Wmissing-braces]
          tc = { 0 };
                 ^
                 {}
..\..\Source\Cache.cc(51,13): warning : suggest braces around initialization of subobject [-Wmissing-braces]
      tex = { 0 };
              ^
              {}
..\..\Source\Cache.cc(51,13): warning : suggest braces around initialization of subobject [-Wmissing-braces]
      tex = { 0 };
              ^
              {}
  3 warnings generated.
..\..\Source\Draw.cc(245,26): warning : unused variable 'b' [-Wunused-variable]
                  const ub b = opaqueFunc(setup->transparent);
                           ^
..\..\Source\Draw.cc(294,26): warning : unused variable 'b' [-Wunused-variable]
                  const ub b = opaqueFunc(setup->transparent);
                           ^
  2 warnings generated.
..\..\Source\Graphics.cc(16,14): warning : suggest braces around initialization of subobject [-Wmissing-braces]
      pipe = { 0 };
               ^
               {}
..\..\Source\Graphics.cc(82,30): warning : suggest braces around initialization of subobject [-Wmissing-braces]
                      pipe = { 0 };
                               ^
                               {}
  2 warnings generated.
..\..\Source\PSeudo.cc(9,16): warning : 'fopen' is deprecated: This function or variable may be unsafe. Consider using fopen_s instead. To disable deprecation, use _CRT_SECURE_NO_WARNINGS. See online help for details. [-Wdeprecated-declarations]
      FILE *fp = fopen(path, "rb");
                 ^
  C:\Program Files (x86)\Windows Kits\10\Include\10.0.10240.0\ucrt\stdio.h(204,16):  note: 'fopen' has been explicitly marked deprecated here
  _Check_return_ _CRT_INSECURE_DEPRECATE(fopen_s)
                 ^
  C:\Program Files (x86)\Microsoft Visual Studio 14.0\VC\include\vcruntime.h(269,55):  note: expanded from macro '_CRT_INSECURE_DEPRECATE'
          #define _CRT_INSECURE_DEPRECATE(_Replacement) _CRT_DEPRECATE_TEXT(    \
                                                        ^
  C:\Program Files (x86)\Microsoft Visual Studio 14.0\VC\include\vcruntime.h(259,47):  note: expanded from macro '_CRT_DEPRECATE_TEXT'
  #define _CRT_DEPRECATE_TEXT(_Text) __declspec(deprecated(_Text))
                                                ^
..\..\Source\PSeudo.cc(54,16): warning : 'fopen' is deprecated: This function or variable may be unsafe. Consider using fopen_s instead. To disable deprecation, use _CRT_SECURE_NO_WARNINGS. See online help for details. [-Wdeprecated-declarations]
      FILE *fp = fopen(path, "rb");
                 ^
  C:\Program Files (x86)\Windows Kits\10\Include\10.0.10240.0\ucrt\stdio.h(204,16):  note: 'fopen' has been explicitly marked deprecated here
  _Check_return_ _CRT_INSECURE_DEPRECATE(fopen_s)
                 ^
  C:\Program Files (x86)\Microsoft Visual Studio 14.0\VC\include\vcruntime.h(269,55):  note: expanded from macro '_CRT_INSECURE_DEPRECATE'
          #define _CRT_INSECURE_DEPRECATE(_Replacement) _CRT_DEPRECATE_TEXT(    \
                                                        ^
  C:\Program Files (x86)\Microsoft Visual Studio 14.0\VC\include\vcruntime.h(259,47):  note: expanded from macro '_CRT_DEPRECATE_TEXT'
  #define _CRT_DEPRECATE_TEXT(_Text) __declspec(deprecated(_Text))
                                                ^
..\..\Source\PSeudo.cc(87,18): warning : unused variable 'put' [-Wunused-variable]
              char put = toupper(r[4] & 0xff);
                   ^
  3 warnings generated.
..\..\Source\R3000A.cc(45,15): warning : suggest braces around initialization of subobject [-Wmissing-braces]
      cop2c = { 0 };
                ^
                {}
..\..\Source\R3000A.cc(46,15): warning : suggest braces around initialization of subobject [-Wmissing-braces]
      cop2d = { 0 };
                ^
                {}
  2 warnings generated.
..\..\Source\Sound.cc(15,18): warning : suggest braces around initialization of subobject [-Wmissing-braces]
          item = { 0 };
                   ^
                   {}
  1 warning generated.
  LINK : /LTCG specified but no code generation required; remove /LTCG from the link command line to improve linker performance
  PSeudo.vcxproj -> C:\Users\Ντένις\Documents\pseudo\Platforms\Windows\Release\PSeudo.exe
  PSeudo.vcxproj -> C:\Users\Ντένις\Documents\pseudo\Platforms\Windows\Release\PSeudo.pdb (Full PDB)
