c:\users\ντένις\documents\pseudo\platforms\windows\x64\debug\vc140.pdb
c:\users\ντένις\documents\pseudo\platforms\windows\x64\debug\bus.obj
c:\users\ντένις\documents\pseudo\platforms\windows\x64\debug\cache.obj
c:\users\ντένις\documents\pseudo\platforms\windows\x64\debug\cd.obj
c:\users\ντένις\documents\pseudo\platforms\windows\x64\debug\counters.obj
c:\users\ντένις\documents\pseudo\platforms\windows\x64\debug\draw.obj
c:\users\ντένις\documents\pseudo\platforms\windows\x64\debug\graphics.obj
c:\users\ντένις\documents\pseudo\platforms\windows\x64\debug\gte.obj
c:\users\ντένις\documents\pseudo\platforms\windows\x64\debug\hardware.obj
c:\users\ντένις\documents\pseudo\platforms\windows\x64\debug\mem.obj
c:\users\ντένις\documents\pseudo\platforms\windows\x64\debug\pseudo.obj
c:\users\ντένις\documents\pseudo\platforms\windows\x64\debug\r3000a.obj
c:\users\ντένις\documents\pseudo\platforms\windows\x64\debug\sio.obj
c:\users\ντένις\documents\pseudo\platforms\windows\x64\debug\sound.obj
c:\users\ντένις\documents\pseudo\platforms\windows\x64\debug\window.obj
c:\users\ντένις\documents\pseudo\platforms\windows\x64\debug\pseudo.tlog\cl.1604.write.1.tlog
c:\users\ντένις\documents\pseudo\platforms\windows\x64\debug\pseudo.tlog\cl.command.1.tlog
c:\users\ντένις\documents\pseudo\platforms\windows\x64\debug\pseudo.tlog\cl.read.1.tlog
c:\users\ντένις\documents\pseudo\platforms\windows\x64\debug\pseudo.tlog\link.command.1.tlog
c:\users\ντένις\documents\pseudo\platforms\windows\x64\debug\pseudo.tlog\link.read.1.tlog
c:\users\ντένις\documents\pseudo\platforms\windows\x64\debug\pseudo.tlog\link.write.1.tlog
